[07:37:19] [main/DEBUG] [FML/]: Injecting tracing printstreams for STDOUT/STDERR.
[07:37:19] [main/INFO] [FML/]: Forge Mod Loader version 7.10.85.1286 for Minecraft 1.7.10 loading
[07:37:19] [main/INFO] [FML/]: Java is Java HotSpot(TM) 64-Bit Server VM, version 1.8.0_144, running on Windows 10:amd64:10.0, installed at C:\Program Files\Java\jre1.8.0_144
[07:37:19] [main/DEBUG] [FML/]: Java classpath at launch is C:\Users\Craig\Documents\Minecraft stuff\1.7.10 Modding-Diversity-Forge 1284 v2\bin;C:\Users\Craig\.gradle\caches\minecraft\net\minecraftforge\forge\1.7.10-10.13.2.1286\forgeSrc-1.7.10-10.13.2.1286.jar;C:\Users\Craig\.gradle\caches\modules-2\files-2.1\net.minecraft\launchwrapper\1.11\9c0592c6e1e9ea296a70948081bd4cc84dda1289\launchwrapper-1.11.jar;C:\Users\Craig\.gradle\caches\modules-2\files-2.1\com.google.code.findbugs\jsr305\1.3.9\40719ea6961c0cb6afaeb6a921eaa1f6afd4cfdf\jsr305-1.3.9.jar;C:\Users\Craig\.gradle\caches\modules-2\files-2.1\org.ow2.asm\asm-debug-all\5.0.3\f9e364ae2a66ce2a543012a4668856e84e5dab74\asm-debug-all-5.0.3.jar;C:\Users\Craig\.gradle\caches\modules-2\files-2.1\com.typesafe.akka\akka-actor_2.11\2.3.3\ed62e9fc709ca0f2ff1a3220daa8b70a2870078e\akka-actor_2.11-2.3.3.jar;C:\Users\Craig\.gradle\caches\modules-2\files-2.1\com.typesafe\config\1.2.1\f771f71fdae3df231bcd54d5ca2d57f0bf93f467\config-1.2.1.jar;C:\Users\Craig\.gradle\caches\modules-2\files-2.1\org.scala-lang\scala-actors-migration_2.11\1.1.0\dfa8bc42b181d5b9f1a5dd147f8ae308b893eb6f\scala-actors-migration_2.11-1.1.0.jar;C:\Users\Craig\.gradle\caches\modules-2\files-2.1\org.scala-lang\scala-compiler\2.11.1\56ea2e6c025e0821f28d73ca271218b8dd04926a\scala-compiler-2.11.1.jar;C:\Users\Craig\.gradle\caches\modules-2\files-2.1\org.scala-lang.plugins\scala-continuations-library_2.11\1.0.2\e517c53a7e9acd6b1668c5a35eccbaa3bab9aac\scala-continuations-library_2.11-1.0.2.jar;C:\Users\Craig\.gradle\caches\modules-2\files-2.1\org.scala-lang.plugins\scala-continuations-plugin_2.11.1\1.0.2\f361a3283452c57fa30c1ee69448995de23c60f7\scala-continuations-plugin_2.11.1-1.0.2.jar;C:\Users\Craig\.gradle\caches\modules-2\files-2.1\org.scala-lang\scala-library\2.11.1\e11da23da3eabab9f4777b9220e60d44c1aab6a\scala-library-2.11.1.jar;C:\Users\Craig\.gradle\caches\modules-2\files-2.1\org.scala-lang\scala-parser-combinators_2.11\1.0.1\f05d7345bf5a58924f2837c6c1f4d73a938e1ff0\scala-parser-combinators_2.11-1.0.1.jar;C:\Users\Craig\.gradle\caches\modules-2\files-2.1\org.scala-lang\scala-reflect\2.11.1\6580347e61cc7f8e802941e7fde40fa83b8badeb\scala-reflect-2.11.1.jar;C:\Users\Craig\.gradle\caches\modules-2\files-2.1\org.scala-lang\scala-swing_2.11\1.0.1\b1cdd92bd47b1e1837139c1c53020e86bb9112ae\scala-swing_2.11-1.0.1.jar;C:\Users\Craig\.gradle\caches\modules-2\files-2.1\org.scala-lang\scala-xml_2.11\1.0.2\7a80ec00aec122fba7cd4e0d4cdd87ff7e4cb6d0\scala-xml_2.11-1.0.2.jar;C:\Users\Craig\.gradle\caches\modules-2\files-2.1\net.sf.jopt-simple\jopt-simple\4.5\6065cc95c661255349c1d0756657be17c29a4fd3\jopt-simple-4.5.jar;C:\Users\Craig\.gradle\caches\modules-2\files-2.1\lzma\lzma\0.0.1\521616dc7487b42bef0e803bd2fa3faf668101d7\lzma-0.0.1.jar;C:\Users\Craig\.gradle\caches\modules-2\files-2.1\com.mojang\realms\1.3.5\807ae355ee63583becd7ea60e76aab1532bb42e\realms-1.3.5.jar;C:\Users\Craig\.gradle\caches\modules-2\files-2.1\org.apache.commons\commons-compress\1.8.1\a698750c16740fd5b3871425f4cb3bbaa87f529d\commons-compress-1.8.1.jar;C:\Users\Craig\.gradle\caches\modules-2\files-2.1\org.apache.httpcomponents\httpclient\4.3.3\18f4247ff4572a074444572cee34647c43e7c9c7\httpclient-4.3.3.jar;C:\Users\Craig\.gradle\caches\modules-2\files-2.1\commons-logging\commons-logging\1.1.3\f6f66e966c70a83ffbdb6f17a0919eaf7c8aca7f\commons-logging-1.1.3.jar;C:\Users\Craig\.gradle\caches\modules-2\files-2.1\org.apache.httpcomponents\httpcore\4.3.2\31fbbff1ddbf98f3aa7377c94d33b0447c646b6e\httpcore-4.3.2.jar;C:\Users\Craig\.gradle\caches\modules-2\files-2.1\java3d\vecmath\1.3.1\a0ae4f51da409fa0c20fa0ca59e6bbc9413ae71d\vecmath-1.3.1.jar;C:\Users\Craig\.gradle\caches\modules-2\files-2.1\net.sf.trove4j\trove4j\3.0.3\42ccaf4761f0dfdfa805c9e340d99a755907e2dd\trove4j-3.0.3.jar;C:\Users\Craig\.gradle\caches\modules-2\files-2.1\com.ibm.icu\icu4j-core-mojang\51.2\63d216a9311cca6be337c1e458e587f99d382b84\icu4j-core-mojang-51.2.jar;C:\Users\Craig\.gradle\caches\modules-2\files-2.1\com.paulscode\codecjorbis\20101023\c73b5636faf089d9f00e8732a829577de25237ee\codecjorbis-20101023.jar;C:\Users\Craig\.gradle\caches\modules-2\files-2.1\com.paulscode\codecwav\20101023\12f031cfe88fef5c1dd36c563c0a3a69bd7261da\codecwav-20101023.jar;C:\Users\Craig\.gradle\caches\modules-2\files-2.1\com.paulscode\libraryjavasound\20101123\5c5e304366f75f9eaa2e8cca546a1fb6109348b3\libraryjavasound-20101123.jar;C:\Users\Craig\.gradle\caches\modules-2\files-2.1\com.paulscode\librarylwjglopenal\20100824\73e80d0794c39665aec3f62eee88ca91676674ef\librarylwjglopenal-20100824.jar;C:\Users\Craig\.gradle\caches\modules-2\files-2.1\com.paulscode\soundsystem\20120107\419c05fe9be71f792b2d76cfc9b67f1ed0fec7f6\soundsystem-20120107.jar;C:\Users\Craig\.gradle\caches\modules-2\files-2.1\io.netty\netty-all\4.0.10.Final\9e50bd52ffe257a0e2cd8d971688d6ce7d174325\netty-all-4.0.10.Final.jar;C:\Users\Craig\.gradle\caches\modules-2\files-2.1\commons-io\commons-io\2.4\b1b6ea3b7e4aa4f492509a4952029cd8e48019ad\commons-io-2.4.jar;C:\Users\Craig\.gradle\caches\modules-2\files-2.1\commons-codec\commons-codec\1.9\9ce04e34240f674bc72680f8b843b1457383161a\commons-codec-1.9.jar;C:\Users\Craig\.gradle\caches\modules-2\files-2.1\net.java.jinput\jinput\2.0.5\39c7796b469a600f72380316f6b1f11db6c2c7c4\jinput-2.0.5.jar;C:\Users\Craig\.gradle\caches\modules-2\files-2.1\net.java.jutils\jutils\1.0.0\e12fe1fda814bd348c1579329c86943d2cd3c6a6\jutils-1.0.0.jar;C:\Users\Craig\.gradle\caches\modules-2\files-2.1\com.google.code.gson\gson\2.2.4\a60a5e993c98c864010053cb901b7eab25306568\gson-2.2.4.jar;C:\Users\Craig\.gradle\caches\modules-2\files-2.1\com.mojang\authlib\1.5.16\ef1582b11fd0943d069cdcb72e99008ac209a283\authlib-1.5.16.jar;C:\Users\Craig\.gradle\caches\modules-2\files-2.1\org.apache.logging.log4j\log4j-api\2.0-beta9\1dd66e68cccd907880229f9e2de1314bd13ff785\log4j-api-2.0-beta9.jar;C:\Users\Craig\.gradle\caches\modules-2\files-2.1\org.apache.logging.log4j\log4j-core\2.0-beta9\678861ba1b2e1fccb594bb0ca03114bb05da9695\log4j-core-2.0-beta9.jar;C:\Users\Craig\.gradle\caches\modules-2\files-2.1\org.lwjgl.lwjgl\lwjgl\2.9.1\f58c5aabcef0e41718a564be9f8e412fff8db847\lwjgl-2.9.1.jar;C:\Users\Craig\.gradle\caches\modules-2\files-2.1\org.lwjgl.lwjgl\lwjgl_util\2.9.1\290d7ba8a1bd9566f5ddf16ad06f09af5ec9b20e\lwjgl_util-2.9.1.jar;C:\Users\Craig\.gradle\caches\modules-2\files-2.1\tv.twitch\twitch\5.16\1f55f009c61637c10c0acfb8b5ffc600f30044b4\twitch-5.16.jar;C:\Users\Craig\.gradle\caches\modules-2\files-2.1\org.scala-lang\scala-actors\2.11.0\8ccfb6541de179bb1c4d45cf414acee069b7f78b\scala-actors-2.11.0.jar;C:\Users\Craig\.gradle\caches\modules-2\files-2.1\org.scala-lang.modules\scala-xml_2.11\1.0.2\820fbca7e524b530fdadc594c39d49a21ea0337e\scala-xml_2.11-1.0.2.jar;C:\Users\Craig\.gradle\caches\modules-2\files-2.1\org.scala-lang.modules\scala-parser-combinators_2.11\1.0.1\f05d7345bf5a58924f2837c6c1f4d73a938e1ff0\scala-parser-combinators_2.11-1.0.1.jar;C:\Users\Craig\.gradle\caches\modules-2\files-2.1\net.java.jinput\jinput-platform\2.0.5\7ff832a6eb9ab6a767f1ade2b548092d0fa64795\jinput-platform-2.0.5-natives-linux.jar;C:\Users\Craig\.gradle\caches\modules-2\files-2.1\net.java.jinput\jinput-platform\2.0.5\385ee093e01f587f30ee1c8a2ee7d408fd732e16\jinput-platform-2.0.5-natives-windows.jar;C:\Users\Craig\.gradle\caches\modules-2\files-2.1\net.java.jinput\jinput-platform\2.0.5\53f9c919f34d2ca9de8c51fc4e1e8282029a9232\jinput-platform-2.0.5-natives-osx.jar;C:\Users\Craig\.gradle\caches\modules-2\files-2.1\tv.twitch\twitch-platform\5.16\7c6affe439099806a4f552da14c42f9d643d8b23\twitch-platform-5.16-natives-windows-32.jar;C:\Users\Craig\.gradle\caches\modules-2\files-2.1\tv.twitch\twitch-platform\5.16\39d0c3d363735b4785598e0e7fbf8297c706a9f9\twitch-platform-5.16-natives-windows-64.jar;C:\Users\Craig\.gradle\caches\modules-2\files-2.1\tv.twitch\twitch-platform\5.16\62503ee712766cf77f97252e5902786fd834b8c5\twitch-platform-5.16-natives-osx.jar;C:\Users\Craig\.gradle\caches\modules-2\files-2.1\tv.twitch\twitch-external-platform\4.5\18215140f010c05b9f86ef6f0f8871954d2ccebf\twitch-external-platform-4.5-natives-windows-32.jar;C:\Users\Craig\.gradle\caches\modules-2\files-2.1\tv.twitch\twitch-external-platform\4.5\c3cde57891b935d41b6680a9c5e1502eeab76d86\twitch-external-platform-4.5-natives-windows-64.jar;C:\Users\Craig\.gradle\caches\modules-2\files-2.1\org.lwjgl.lwjgl\lwjgl-platform\2.9.1\4c517eca808522457dd95ee8fc1fbcdbb602efbe\lwjgl-platform-2.9.1-natives-windows.jar;C:\Users\Craig\.gradle\caches\modules-2\files-2.1\org.lwjgl.lwjgl\lwjgl-platform\2.9.1\aa9aae879af8eb378e22cfc64db56ec2ca9a44d1\lwjgl-platform-2.9.1-natives-linux.jar;C:\Users\Craig\.gradle\caches\modules-2\files-2.1\org.lwjgl.lwjgl\lwjgl-platform\2.9.1\2d12c83fdfbc04ecabf02c7bc8cc54d034f0daac\lwjgl-platform-2.9.1-natives-osx.jar;C:\Users\Craig\.gradle\caches\modules-2\files-2.1\com.google.guava\guava\17.0\9c6ef172e8de35fd8d4d8783e4821e57cdef7445\guava-17.0.jar;C:\Users\Craig\.gradle\caches\modules-2\files-2.1\org.apache.commons\commons-lang3\3.3.2\90a3822c38ec8c996e84c16a3477ef632cbc87a3\commons-lang3-3.3.2.jar;C:\Users\Craig\.gradle\caches\minecraft\net\minecraftforge\forge\1.7.10-10.13.2.1286\start
[07:37:19] [main/DEBUG] [FML/]: Java library path at launch is C:\Program Files\Java\jre1.8.0_144\bin;C:\WINDOWS\Sun\Java\bin;C:\WINDOWS\system32;C:\WINDOWS;C:/Program Files/Java/jre1.8.0_144/bin/server;C:/Program Files/Java/jre1.8.0_144/bin;C:/Program Files/Java/jre1.8.0_144/lib/amd64;C:\ProgramData\Oracle\Java\javapath;C:\WINDOWS\system32;C:\WINDOWS;C:\WINDOWS\System32\Wbem;C:\WINDOWS\System32\WindowsPowerShell\v1.0\;C:\Program Files (x86)\Livestreamer;C:\Program Files\Java\jdk1.8.0_144\bin;C:\Program Files (x86)\GtkSharp\2.12\bin;C:\Program Files\Microsoft SQL Server\Client SDK\ODBC\110\Tools\Binn\;C:\Program Files (x86)\Microsoft SQL Server\120\Tools\Binn\;C:\Program Files\Microsoft SQL Server\120\Tools\Binn\;C:\Program Files\Microsoft SQL Server\120\DTS\Binn\;C:\Program Files (x86)\Windows Kits\8.1\Windows Performance Toolkit\;C:\Program Files\Microsoft SQL Server\130\Tools\Binn\;C:\Program Files (x86)\NVIDIA Corporation\PhysX\Common;C:\WINDOWS\system32;C:\WINDOWS;C:\WINDOWS\System32\Wbem;C:\WINDOWS\System32\WindowsPowerShell\v1.0\;C:\Program Files\Maven\bin;C:\Users\Craig\AppData\Local\Microsoft\WindowsApps;;F:\SteamLibrary\steamapps\common\team fortress 2\tf\..\bin;C:\Users\Craig\Documents\Eclipse2\eclipse;;.;C:/Users/Craig/.gradle/caches/minecraft/net/minecraft/minecraft_natives/1.7.10
[07:37:19] [main/INFO] [FML/]: Managed to load a deobfuscated Minecraft name- we are in a deobfuscated environment. Skipping runtime deobfuscation
[07:37:19] [main/DEBUG] [FML/]: Instantiating coremod class FMLCorePlugin
[07:37:19] [main/DEBUG] [FML/]: Added access transformer class cpw.mods.fml.common.asm.transformers.AccessTransformer to enqueued access transformers
[07:37:19] [main/DEBUG] [FML/]: Enqueued coremod FMLCorePlugin
[07:37:19] [main/DEBUG] [FML/]: Instantiating coremod class FMLForgePlugin
[07:37:19] [main/DEBUG] [FML/]: Added access transformer class net.minecraftforge.transformers.ForgeAccessTransformer to enqueued access transformers
[07:37:19] [main/DEBUG] [FML/]: Enqueued coremod FMLForgePlugin
[07:37:19] [main/DEBUG] [FML/]: All fundamental core mods are successfully located
[07:37:19] [main/DEBUG] [FML/]: Attempting to load commandline specified mods, relative to C:\Users\Craig\Documents\Minecraft stuff\1.7.10 Modding-Diversity-Forge 1284 v2\eclipse\.
[07:37:19] [main/DEBUG] [FML/]: Discovering coremods
[07:37:19] [main/INFO] [LaunchWrapper/]: Calling tweak class net.minecraftforge.gradle.tweakers.CoremodTweaker
[07:37:19] [main/INFO] [GradleStart/]: Injecting location in coremod cpw.mods.fml.relauncher.FMLCorePlugin
[07:37:19] [main/INFO] [GradleStart/]: Injecting location in coremod net.minecraftforge.classloading.FMLForgePlugin
[07:37:19] [main/INFO] [LaunchWrapper/]: Loading tweak class name cpw.mods.fml.common.launcher.FMLInjectionAndSortingTweaker
[07:37:19] [main/INFO] [LaunchWrapper/]: Loading tweak class name cpw.mods.fml.common.launcher.FMLDeobfTweaker
[07:37:19] [main/INFO] [LaunchWrapper/]: Loading tweak class name net.minecraftforge.gradle.tweakers.AccessTransformerTweaker
[07:37:19] [main/INFO] [LaunchWrapper/]: Calling tweak class cpw.mods.fml.common.launcher.FMLInjectionAndSortingTweaker
[07:37:19] [main/INFO] [LaunchWrapper/]: Calling tweak class cpw.mods.fml.common.launcher.FMLInjectionAndSortingTweaker
[07:37:19] [main/INFO] [LaunchWrapper/]: Calling tweak class cpw.mods.fml.relauncher.CoreModManager$FMLPluginWrapper
[07:37:19] [main/DEBUG] [FML/]: Injecting coremod FMLCorePlugin {cpw.mods.fml.relauncher.FMLCorePlugin} class transformers
[07:37:19] [main/TRACE] [FML/]: Registering transformer cpw.mods.fml.common.asm.transformers.MarkerTransformer
[07:37:19] [main/TRACE] [FML/]: Registering transformer cpw.mods.fml.common.asm.transformers.SideTransformer
[07:37:19] [main/TRACE] [FML/]: Registering transformer cpw.mods.fml.common.asm.transformers.EventSubscriptionTransformer
[07:37:19] [main/DEBUG] [FML/]: Injection complete
[07:37:19] [main/DEBUG] [FML/]: Running coremod plugin for FMLCorePlugin {cpw.mods.fml.relauncher.FMLCorePlugin}
[07:37:19] [main/DEBUG] [FML/]: Running coremod plugin FMLCorePlugin
[07:37:19] [main/ERROR] [FML/]: The binary patch set is missing. Either you are in a development environment, or things are not going to work!
[07:37:20] [main/ERROR] [FML/]: FML appears to be missing any signature data. This is not a good thing
[07:37:20] [main/DEBUG] [FML/]: Coremod plugin class FMLCorePlugin run successfully
[07:37:20] [main/INFO] [LaunchWrapper/]: Calling tweak class cpw.mods.fml.relauncher.CoreModManager$FMLPluginWrapper
[07:37:20] [main/DEBUG] [FML/]: Injecting coremod FMLForgePlugin {net.minecraftforge.classloading.FMLForgePlugin} class transformers
[07:37:20] [main/DEBUG] [FML/]: Injection complete
[07:37:20] [main/DEBUG] [FML/]: Running coremod plugin for FMLForgePlugin {net.minecraftforge.classloading.FMLForgePlugin}
[07:37:20] [main/DEBUG] [FML/]: Running coremod plugin FMLForgePlugin
[07:37:20] [main/DEBUG] [FML/]: Coremod plugin class FMLForgePlugin run successfully
[07:37:20] [main/INFO] [LaunchWrapper/]: Calling tweak class cpw.mods.fml.common.launcher.FMLDeobfTweaker
[07:37:20] [main/DEBUG] [FML/]: Loaded 46 rules from AccessTransformer config file fml_at.cfg

[07:37:20] [main/DEBUG] [FML/]: Loaded 89 rules from AccessTransformer config file forge_at.cfg

[07:37:20] [main/DEBUG] [FML/]: Validating minecraft
[07:37:21] [main/DEBUG] [FML/]: Minecraft validated, launching...
[07:37:21] [main/INFO] [LaunchWrapper/]: Calling tweak class net.minecraftforge.gradle.tweakers.AccessTransformerTweaker
[07:37:21] [main/INFO] [LaunchWrapper/]: Loading tweak class name cpw.mods.fml.common.launcher.TerminalTweaker
[07:37:21] [main/INFO] [LaunchWrapper/]: Calling tweak class cpw.mods.fml.common.launcher.TerminalTweaker
[07:37:21] [main/INFO] [LaunchWrapper/]: Launching wrapped minecraft {net.minecraft.client.main.Main}
[07:37:21] [main/TRACE] [FML/]: Registry add: minecraft:air 0 net.minecraft.block.BlockAir@2584b82d (req. id 0)
[07:37:22] [main/TRACE] [FML/]: Registry add: minecraft:stone 1 net.minecraft.block.BlockStone@448c8166 (req. id 1)
[07:37:22] [main/TRACE] [FML/]: Registry add: minecraft:grass 2 net.minecraft.block.BlockGrass@17503f6b (req. id 2)
[07:37:22] [main/TRACE] [FML/]: Registry add: minecraft:dirt 3 net.minecraft.block.BlockDirt@20bd8be5 (req. id 3)
[07:37:22] [main/TRACE] [FML/]: Registry add: minecraft:cobblestone 4 net.minecraft.block.Block@730d2164 (req. id 4)
[07:37:22] [main/TRACE] [FML/]: Registry add: minecraft:planks 5 net.minecraft.block.BlockWood@461ad730 (req. id 5)
[07:37:22] [main/TRACE] [FML/]: Registry add: minecraft:sapling 6 net.minecraft.block.BlockSapling@28194a50 (req. id 6)
[07:37:22] [main/TRACE] [FML/]: Registry add: minecraft:bedrock 7 net.minecraft.block.Block@7f2cfe3f (req. id 7)
[07:37:22] [main/TRACE] [FML/]: Registry add: minecraft:flowing_water 8 net.minecraft.block.BlockDynamicLiquid@45efd90f (req. id 8)
[07:37:22] [main/TRACE] [FML/]: Registry add: minecraft:water 9 net.minecraft.block.BlockStaticLiquid@7d7758be (req. id 9)
[07:37:22] [main/TRACE] [FML/]: Registry add: minecraft:flowing_lava 10 net.minecraft.block.BlockDynamicLiquid@2bdd8394 (req. id 10)
[07:37:22] [main/TRACE] [FML/]: Registry add: minecraft:lava 11 net.minecraft.block.BlockStaticLiquid@5f9edf14 (req. id 11)
[07:37:22] [main/TRACE] [FML/]: Registry add: minecraft:sand 12 net.minecraft.block.BlockSand@78fa769e (req. id 12)
[07:37:22] [main/TRACE] [FML/]: Registry add: minecraft:gravel 13 net.minecraft.block.BlockGravel@79defdc (req. id 13)
[07:37:22] [main/TRACE] [FML/]: Registry add: minecraft:gold_ore 14 net.minecraft.block.BlockOre@4b86805d (req. id 14)
[07:37:22] [main/TRACE] [FML/]: Registry add: minecraft:iron_ore 15 net.minecraft.block.BlockOre@5852c06f (req. id 15)
[07:37:22] [main/TRACE] [FML/]: Registry add: minecraft:coal_ore 16 net.minecraft.block.BlockOre@4149c063 (req. id 16)
[07:37:22] [main/TRACE] [FML/]: Registry add: minecraft:log 17 net.minecraft.block.BlockOldLog@222a59e6 (req. id 17)
[07:37:22] [main/TRACE] [FML/]: Registry add: minecraft:leaves 18 net.minecraft.block.BlockOldLeaf@47c81abf (req. id 18)
[07:37:22] [main/TRACE] [FML/]: Registry add: minecraft:sponge 19 net.minecraft.block.BlockSponge@18ece7f4 (req. id 19)
[07:37:22] [main/TRACE] [FML/]: Registry add: minecraft:glass 20 net.minecraft.block.BlockGlass@35b74c5c (req. id 20)
[07:37:22] [main/TRACE] [FML/]: Registry add: minecraft:lapis_ore 21 net.minecraft.block.BlockOre@2e570ded (req. id 21)
[07:37:22] [main/TRACE] [FML/]: Registry add: minecraft:lapis_block 22 net.minecraft.block.BlockCompressed@1169afe1 (req. id 22)
[07:37:22] [main/TRACE] [FML/]: Registry add: minecraft:dispenser 23 net.minecraft.block.BlockDispenser@e25951c (req. id 23)
[07:37:22] [main/TRACE] [FML/]: Registry add: minecraft:sandstone 24 net.minecraft.block.BlockSandStone@2f666ebb (req. id 24)
[07:37:22] [main/TRACE] [FML/]: Registry add: minecraft:noteblock 25 net.minecraft.block.BlockNote@34b9f960 (req. id 25)
[07:37:22] [main/TRACE] [FML/]: Registry add: minecraft:bed 26 net.minecraft.block.BlockBed@14f232c4 (req. id 26)
[07:37:22] [main/TRACE] [FML/]: Registry add: minecraft:golden_rail 27 net.minecraft.block.BlockRailPowered@15a04efb (req. id 27)
[07:37:22] [main/TRACE] [FML/]: Registry add: minecraft:detector_rail 28 net.minecraft.block.BlockRailDetector@26adfd2d (req. id 28)
[07:37:22] [main/TRACE] [FML/]: Registry add: minecraft:sticky_piston 29 net.minecraft.block.BlockPistonBase@7bf3a5d8 (req. id 29)
[07:37:22] [main/TRACE] [FML/]: Registry add: minecraft:web 30 net.minecraft.block.BlockWeb@2205a05d (req. id 30)
[07:37:22] [main/TRACE] [FML/]: Registry add: minecraft:tallgrass 31 net.minecraft.block.BlockTallGrass@72ef8d15 (req. id 31)
[07:37:22] [main/TRACE] [FML/]: Registry add: minecraft:deadbush 32 net.minecraft.block.BlockDeadBush@5f20155b (req. id 32)
[07:37:22] [main/TRACE] [FML/]: Registry add: minecraft:piston 33 net.minecraft.block.BlockPistonBase@72ade7e3 (req. id 33)
[07:37:22] [main/TRACE] [FML/]: Registry add: minecraft:piston_head 34 net.minecraft.block.BlockPistonExtension@239105a8 (req. id 34)
[07:37:22] [main/TRACE] [FML/]: Registry add: minecraft:wool 35 net.minecraft.block.BlockColored@560348e6 (req. id 35)
[07:37:22] [main/TRACE] [FML/]: Registry add: minecraft:piston_extension 36 net.minecraft.block.BlockPistonMoving@37911f88 (req. id 36)
[07:37:22] [main/TRACE] [FML/]: Registry add: minecraft:yellow_flower 37 net.minecraft.block.BlockFlower@407a7f2a (req. id 37)
[07:37:22] [main/TRACE] [FML/]: Registry add: minecraft:red_flower 38 net.minecraft.block.BlockFlower@4ea5b703 (req. id 38)
[07:37:22] [main/TRACE] [FML/]: Registry add: minecraft:brown_mushroom 39 net.minecraft.block.BlockMushroom@4f4c4b1a (req. id 39)
[07:37:22] [main/TRACE] [FML/]: Registry add: minecraft:red_mushroom 40 net.minecraft.block.BlockMushroom@723e88f9 (req. id 40)
[07:37:22] [main/TRACE] [FML/]: Registry add: minecraft:gold_block 41 net.minecraft.block.BlockCompressed@5f0fd5a0 (req. id 41)
[07:37:22] [main/TRACE] [FML/]: Registry add: minecraft:iron_block 42 net.minecraft.block.BlockCompressed@64e7619d (req. id 42)
[07:37:22] [main/TRACE] [FML/]: Registry add: minecraft:double_stone_slab 43 net.minecraft.block.BlockStoneSlab@352ff4da (req. id 43)
[07:37:22] [main/TRACE] [FML/]: Registry add: minecraft:stone_slab 44 net.minecraft.block.BlockStoneSlab@3224a577 (req. id 44)
[07:37:22] [main/TRACE] [FML/]: Registry add: minecraft:brick_block 45 net.minecraft.block.Block@2e32ccc5 (req. id 45)
[07:37:22] [main/TRACE] [FML/]: Registry add: minecraft:tnt 46 net.minecraft.block.BlockTNT@895e367 (req. id 46)
[07:37:22] [main/TRACE] [FML/]: Registry add: minecraft:bookshelf 47 net.minecraft.block.BlockBookshelf@651aed93 (req. id 47)
[07:37:22] [main/TRACE] [FML/]: Registry add: minecraft:mossy_cobblestone 48 net.minecraft.block.Block@4dd6fd0a (req. id 48)
[07:37:22] [main/TRACE] [FML/]: Registry add: minecraft:obsidian 49 net.minecraft.block.BlockObsidian@1cd629b3 (req. id 49)
[07:37:22] [main/TRACE] [FML/]: Registry add: minecraft:torch 50 net.minecraft.block.BlockTorch@6736fa8d (req. id 50)
[07:37:22] [main/TRACE] [FML/]: Registry add: minecraft:fire 51 net.minecraft.block.BlockFire@52815fa3 (req. id 51)
[07:37:22] [main/TRACE] [FML/]: Registry add: minecraft:mob_spawner 52 net.minecraft.block.BlockMobSpawner@e3c0e40 (req. id 52)
[07:37:22] [main/TRACE] [FML/]: Registry add: minecraft:oak_stairs 53 net.minecraft.block.BlockStairs@4ef782af (req. id 53)
[07:37:22] [main/TRACE] [FML/]: Registry add: minecraft:chest 54 net.minecraft.block.BlockChest@2b72cb8a (req. id 54)
[07:37:22] [main/TRACE] [FML/]: Registry add: minecraft:redstone_wire 55 net.minecraft.block.BlockRedstoneWire@2fba3fc4 (req. id 55)
[07:37:22] [main/TRACE] [FML/]: Registry add: minecraft:diamond_ore 56 net.minecraft.block.BlockOre@4bf48f6 (req. id 56)
[07:37:22] [main/TRACE] [FML/]: Registry add: minecraft:diamond_block 57 net.minecraft.block.BlockCompressed@420a85c4 (req. id 57)
[07:37:22] [main/TRACE] [FML/]: Registry add: minecraft:crafting_table 58 net.minecraft.block.BlockWorkbench@a37aefe (req. id 58)
[07:37:22] [main/TRACE] [FML/]: Registry add: minecraft:wheat 59 net.minecraft.block.BlockCrops@24c4ddae (req. id 59)
[07:37:22] [main/TRACE] [FML/]: Registry add: minecraft:farmland 60 net.minecraft.block.BlockFarmland@51c693d (req. id 60)
[07:37:22] [main/TRACE] [FML/]: Registry add: minecraft:furnace 61 net.minecraft.block.BlockFurnace@6b6776cb (req. id 61)
[07:37:22] [main/TRACE] [FML/]: Registry add: minecraft:lit_furnace 62 net.minecraft.block.BlockFurnace@1863d2fe (req. id 62)
[07:37:22] [main/TRACE] [FML/]: Registry add: minecraft:standing_sign 63 net.minecraft.block.BlockSign@26df6e3a (req. id 63)
[07:37:22] [main/TRACE] [FML/]: Registry add: minecraft:wooden_door 64 net.minecraft.block.BlockDoor@52e7a6b2 (req. id 64)
[07:37:22] [main/TRACE] [FML/]: Registry add: minecraft:ladder 65 net.minecraft.block.BlockLadder@42a15bdc (req. id 65)
[07:37:22] [main/TRACE] [FML/]: Registry add: minecraft:rail 66 net.minecraft.block.BlockRail@27508c5d (req. id 66)
[07:37:22] [main/TRACE] [FML/]: Registry add: minecraft:stone_stairs 67 net.minecraft.block.BlockStairs@4f704591 (req. id 67)
[07:37:22] [main/TRACE] [FML/]: Registry add: minecraft:wall_sign 68 net.minecraft.block.BlockSign@4b5189ac (req. id 68)
[07:37:22] [main/TRACE] [FML/]: Registry add: minecraft:lever 69 net.minecraft.block.BlockLever@379614be (req. id 69)
[07:37:22] [main/TRACE] [FML/]: Registry add: minecraft:stone_pressure_plate 70 net.minecraft.block.BlockPressurePlate@658c5a19 (req. id 70)
[07:37:22] [main/TRACE] [FML/]: Registry add: minecraft:iron_door 71 net.minecraft.block.BlockDoor@421e361 (req. id 71)
[07:37:22] [main/TRACE] [FML/]: Registry add: minecraft:wooden_pressure_plate 72 net.minecraft.block.BlockPressurePlate@59d4cd39 (req. id 72)
[07:37:22] [main/TRACE] [FML/]: Registry add: minecraft:redstone_ore 73 net.minecraft.block.BlockRedstoneOre@4b34fff9 (req. id 73)
[07:37:22] [main/TRACE] [FML/]: Registry add: minecraft:lit_redstone_ore 74 net.minecraft.block.BlockRedstoneOre@1187c9e8 (req. id 74)
[07:37:22] [main/TRACE] [FML/]: Registry add: minecraft:unlit_redstone_torch 75 net.minecraft.block.BlockRedstoneTorch@57c03d88 (req. id 75)
[07:37:22] [main/TRACE] [FML/]: Registry add: minecraft:redstone_torch 76 net.minecraft.block.BlockRedstoneTorch@16aa8654 (req. id 76)
[07:37:22] [main/TRACE] [FML/]: Registry add: minecraft:stone_button 77 net.minecraft.block.BlockButtonStone@6c372fe6 (req. id 77)
[07:37:22] [main/TRACE] [FML/]: Registry add: minecraft:snow_layer 78 net.minecraft.block.BlockSnow@14fa86ae (req. id 78)
[07:37:22] [main/TRACE] [FML/]: Registry add: minecraft:ice 79 net.minecraft.block.BlockIce@57ad2aa7 (req. id 79)
[07:37:22] [main/TRACE] [FML/]: Registry add: minecraft:snow 80 net.minecraft.block.BlockSnowBlock@7cb502c (req. id 80)
[07:37:22] [main/TRACE] [FML/]: Registry add: minecraft:cactus 81 net.minecraft.block.BlockCactus@12a94400 (req. id 81)
[07:37:22] [main/TRACE] [FML/]: Registry add: minecraft:clay 82 net.minecraft.block.BlockClay@46271dd6 (req. id 82)
[07:37:22] [main/TRACE] [FML/]: Registry add: minecraft:reeds 83 net.minecraft.block.BlockReed@2a225dd7 (req. id 83)
[07:37:22] [main/TRACE] [FML/]: Registry add: minecraft:jukebox 84 net.minecraft.block.BlockJukebox@1205bd62 (req. id 84)
[07:37:22] [main/TRACE] [FML/]: Registry add: minecraft:fence 85 net.minecraft.block.BlockFence@5c669da8 (req. id 85)
[07:37:22] [main/TRACE] [FML/]: Registry add: minecraft:pumpkin 86 net.minecraft.block.BlockPumpkin@4b7dc788 (req. id 86)
[07:37:22] [main/TRACE] [FML/]: Registry add: minecraft:netherrack 87 net.minecraft.block.BlockNetherrack@df6620a (req. id 87)
[07:37:22] [main/TRACE] [FML/]: Registry add: minecraft:soul_sand 88 net.minecraft.block.BlockSoulSand@198d6542 (req. id 88)
[07:37:22] [main/TRACE] [FML/]: Registry add: minecraft:glowstone 89 net.minecraft.block.BlockGlowstone@2931522b (req. id 89)
[07:37:22] [main/TRACE] [FML/]: Registry add: minecraft:portal 90 net.minecraft.block.BlockPortal@45a4b042 (req. id 90)
[07:37:22] [main/TRACE] [FML/]: Registry add: minecraft:lit_pumpkin 91 net.minecraft.block.BlockPumpkin@16b2bb0c (req. id 91)
[07:37:22] [main/TRACE] [FML/]: Registry add: minecraft:cake 92 net.minecraft.block.BlockCake@f99f5e0 (req. id 92)
[07:37:22] [main/TRACE] [FML/]: Registry add: minecraft:unpowered_repeater 93 net.minecraft.block.BlockRedstoneRepeater@3406472c (req. id 93)
[07:37:22] [main/TRACE] [FML/]: Registry add: minecraft:powered_repeater 94 net.minecraft.block.BlockRedstoneRepeater@5717c37 (req. id 94)
[07:37:22] [main/TRACE] [FML/]: Registry add: minecraft:stained_glass 95 net.minecraft.block.BlockStainedGlass@40317ba2 (req. id 95)
[07:37:22] [main/TRACE] [FML/]: Registry add: minecraft:trapdoor 96 net.minecraft.block.BlockTrapDoor@39d9314d (req. id 96)
[07:37:22] [main/TRACE] [FML/]: Registry add: minecraft:monster_egg 97 net.minecraft.block.BlockSilverfish@10f7f7de (req. id 97)
[07:37:22] [main/TRACE] [FML/]: Registry add: minecraft:stonebrick 98 net.minecraft.block.BlockStoneBrick@6bf08014 (req. id 98)
[07:37:22] [main/TRACE] [FML/]: Registry add: minecraft:brown_mushroom_block 99 net.minecraft.block.BlockHugeMushroom@6ee4d9ab (req. id 99)
[07:37:22] [main/TRACE] [FML/]: Registry add: minecraft:red_mushroom_block 100 net.minecraft.block.BlockHugeMushroom@5a5338df (req. id 100)
[07:37:22] [main/TRACE] [FML/]: Registry add: minecraft:iron_bars 101 net.minecraft.block.BlockPane@13d4992d (req. id 101)
[07:37:22] [main/TRACE] [FML/]: Registry add: minecraft:glass_pane 102 net.minecraft.block.BlockPane@302f7971 (req. id 102)
[07:37:22] [main/TRACE] [FML/]: Registry add: minecraft:melon_block 103 net.minecraft.block.BlockMelon@9573584 (req. id 103)
[07:37:22] [main/TRACE] [FML/]: Registry add: minecraft:pumpkin_stem 104 net.minecraft.block.BlockStem@53251a66 (req. id 104)
[07:37:22] [main/TRACE] [FML/]: Registry add: minecraft:melon_stem 105 net.minecraft.block.BlockStem@6853425f (req. id 105)
[07:37:22] [main/TRACE] [FML/]: Registry add: minecraft:vine 106 net.minecraft.block.BlockVine@282cb7c7 (req. id 106)
[07:37:22] [main/TRACE] [FML/]: Registry add: minecraft:fence_gate 107 net.minecraft.block.BlockFenceGate@258d79be (req. id 107)
[07:37:22] [main/TRACE] [FML/]: Registry add: minecraft:brick_stairs 108 net.minecraft.block.BlockStairs@14f9390f (req. id 108)
[07:37:22] [main/TRACE] [FML/]: Registry add: minecraft:stone_brick_stairs 109 net.minecraft.block.BlockStairs@6c0d7c83 (req. id 109)
[07:37:22] [main/TRACE] [FML/]: Registry add: minecraft:mycelium 110 net.minecraft.block.BlockMycelium@3e74829 (req. id 110)
[07:37:22] [main/TRACE] [FML/]: Registry add: minecraft:waterlily 111 net.minecraft.block.BlockLilyPad@48793bef (req. id 111)
[07:37:22] [main/TRACE] [FML/]: Registry add: minecraft:nether_brick 112 net.minecraft.block.Block@7d286fb6 (req. id 112)
[07:37:22] [main/TRACE] [FML/]: Registry add: minecraft:nether_brick_fence 113 net.minecraft.block.BlockFence@3eb77ea8 (req. id 113)
[07:37:22] [main/TRACE] [FML/]: Registry add: minecraft:nether_brick_stairs 114 net.minecraft.block.BlockStairs@7b8b43c7 (req. id 114)
[07:37:22] [main/TRACE] [FML/]: Registry add: minecraft:nether_wart 115 net.minecraft.block.BlockNetherWart@60b4beb4 (req. id 115)
[07:37:22] [main/TRACE] [FML/]: Registry add: minecraft:enchanting_table 116 net.minecraft.block.BlockEnchantmentTable@573906eb (req. id 116)
[07:37:22] [main/TRACE] [FML/]: Registry add: minecraft:brewing_stand 117 net.minecraft.block.BlockBrewingStand@d278d2b (req. id 117)
[07:37:22] [main/TRACE] [FML/]: Registry add: minecraft:cauldron 118 net.minecraft.block.BlockCauldron@7fbdb894 (req. id 118)
[07:37:22] [main/TRACE] [FML/]: Registry add: minecraft:end_portal 119 net.minecraft.block.BlockEndPortal@59e32960 (req. id 119)
[07:37:22] [main/TRACE] [FML/]: Registry add: minecraft:end_portal_frame 120 net.minecraft.block.BlockEndPortalFrame@20f5281c (req. id 120)
[07:37:22] [main/TRACE] [FML/]: Registry add: minecraft:end_stone 121 net.minecraft.block.Block@56c4278e (req. id 121)
[07:37:22] [main/TRACE] [FML/]: Registry add: minecraft:dragon_egg 122 net.minecraft.block.BlockDragonEgg@4397ad89 (req. id 122)
[07:37:22] [main/TRACE] [FML/]: Registry add: minecraft:redstone_lamp 123 net.minecraft.block.BlockRedstoneLight@119cbf96 (req. id 123)
[07:37:22] [main/TRACE] [FML/]: Registry add: minecraft:lit_redstone_lamp 124 net.minecraft.block.BlockRedstoneLight@71329995 (req. id 124)
[07:37:22] [main/TRACE] [FML/]: Registry add: minecraft:double_wooden_slab 125 net.minecraft.block.BlockWoodSlab@455b6df1 (req. id 125)
[07:37:22] [main/TRACE] [FML/]: Registry add: minecraft:wooden_slab 126 net.minecraft.block.BlockWoodSlab@4ddbbdf8 (req. id 126)
[07:37:22] [main/TRACE] [FML/]: Registry add: minecraft:cocoa 127 net.minecraft.block.BlockCocoa@14bee915 (req. id 127)
[07:37:22] [main/TRACE] [FML/]: Registry add: minecraft:sandstone_stairs 128 net.minecraft.block.BlockStairs@1115ec15 (req. id 128)
[07:37:22] [main/TRACE] [FML/]: Registry add: minecraft:emerald_ore 129 net.minecraft.block.BlockOre@82ea68c (req. id 129)
[07:37:22] [main/TRACE] [FML/]: Registry add: minecraft:ender_chest 130 net.minecraft.block.BlockEnderChest@6f7923a5 (req. id 130)
[07:37:22] [main/TRACE] [FML/]: Registry add: minecraft:tripwire_hook 131 net.minecraft.block.BlockTripWireHook@63611043 (req. id 131)
[07:37:22] [main/TRACE] [FML/]: Registry add: minecraft:tripwire 132 net.minecraft.block.BlockTripWire@1838ccb8 (req. id 132)
[07:37:22] [main/TRACE] [FML/]: Registry add: minecraft:emerald_block 133 net.minecraft.block.BlockCompressed@6c2ed0cd (req. id 133)
[07:37:22] [main/TRACE] [FML/]: Registry add: minecraft:spruce_stairs 134 net.minecraft.block.BlockStairs@7d9e8ef7 (req. id 134)
[07:37:22] [main/TRACE] [FML/]: Registry add: minecraft:birch_stairs 135 net.minecraft.block.BlockStairs@f107c50 (req. id 135)
[07:37:22] [main/TRACE] [FML/]: Registry add: minecraft:jungle_stairs 136 net.minecraft.block.BlockStairs@51133c06 (req. id 136)
[07:37:22] [main/TRACE] [FML/]: Registry add: minecraft:command_block 137 net.minecraft.block.BlockCommandBlock@38604b81 (req. id 137)
[07:37:22] [main/TRACE] [FML/]: Registry add: minecraft:beacon 138 net.minecraft.block.BlockBeacon@3688eb5b (req. id 138)
[07:37:22] [main/TRACE] [FML/]: Registry add: minecraft:cobblestone_wall 139 net.minecraft.block.BlockWall@345f69f3 (req. id 139)
[07:37:22] [main/TRACE] [FML/]: Registry add: minecraft:flower_pot 140 net.minecraft.block.BlockFlowerPot@36a5cabc (req. id 140)
[07:37:22] [main/TRACE] [FML/]: Registry add: minecraft:carrots 141 net.minecraft.block.BlockCarrot@5a3bc7ed (req. id 141)
[07:37:22] [main/TRACE] [FML/]: Registry add: minecraft:potatoes 142 net.minecraft.block.BlockPotato@6bc407fd (req. id 142)
[07:37:22] [main/TRACE] [FML/]: Registry add: minecraft:wooden_button 143 net.minecraft.block.BlockButtonWood@16eccb2e (req. id 143)
[07:37:22] [main/TRACE] [FML/]: Registry add: minecraft:skull 144 net.minecraft.block.BlockSkull@4ff8d125 (req. id 144)
[07:37:22] [main/TRACE] [FML/]: Registry add: minecraft:anvil 145 net.minecraft.block.BlockAnvil@6c4980d3 (req. id 145)
[07:37:22] [main/TRACE] [FML/]: Registry add: minecraft:trapped_chest 146 net.minecraft.block.BlockChest@327bcebd (req. id 146)
[07:37:22] [main/TRACE] [FML/]: Registry add: minecraft:light_weighted_pressure_plate 147 net.minecraft.block.BlockPressurePlateWeighted@38b27cdc (req. id 147)
[07:37:22] [main/TRACE] [FML/]: Registry add: minecraft:heavy_weighted_pressure_plate 148 net.minecraft.block.BlockPressurePlateWeighted@1339e7aa (req. id 148)
[07:37:22] [main/TRACE] [FML/]: Registry add: minecraft:unpowered_comparator 149 net.minecraft.block.BlockRedstoneComparator@479460a6 (req. id 149)
[07:37:22] [main/TRACE] [FML/]: Registry add: minecraft:powered_comparator 150 net.minecraft.block.BlockRedstoneComparator@7164ca4c (req. id 150)
[07:37:22] [main/TRACE] [FML/]: Registry add: minecraft:daylight_detector 151 net.minecraft.block.BlockDaylightDetector@30c93896 (req. id 151)
[07:37:22] [main/TRACE] [FML/]: Registry add: minecraft:redstone_block 152 net.minecraft.block.BlockCompressedPowered@58ce9668 (req. id 152)
[07:37:22] [main/TRACE] [FML/]: Registry add: minecraft:quartz_ore 153 net.minecraft.block.BlockOre@172b013 (req. id 153)
[07:37:22] [main/TRACE] [FML/]: Registry add: minecraft:hopper 154 net.minecraft.block.BlockHopper@5b6ec132 (req. id 154)
[07:37:22] [main/TRACE] [FML/]: Registry add: minecraft:quartz_block 155 net.minecraft.block.BlockQuartz@132e0cc (req. id 155)
[07:37:22] [main/TRACE] [FML/]: Registry add: minecraft:quartz_stairs 156 net.minecraft.block.BlockStairs@7b205dbd (req. id 156)
[07:37:22] [main/TRACE] [FML/]: Registry add: minecraft:activator_rail 157 net.minecraft.block.BlockRailPowered@106cc338 (req. id 157)
[07:37:22] [main/TRACE] [FML/]: Registry add: minecraft:dropper 158 net.minecraft.block.BlockDropper@7c8c9a05 (req. id 158)
[07:37:22] [main/TRACE] [FML/]: Registry add: minecraft:stained_hardened_clay 159 net.minecraft.block.BlockColored@d41f816 (req. id 159)
[07:37:22] [main/TRACE] [FML/]: Registry add: minecraft:stained_glass_pane 160 net.minecraft.block.BlockStainedGlassPane@7a55af6b (req. id 160)
[07:37:22] [main/TRACE] [FML/]: Registry add: minecraft:leaves2 161 net.minecraft.block.BlockNewLeaf@558bdf1f (req. id 161)
[07:37:22] [main/TRACE] [FML/]: Registry add: minecraft:log2 162 net.minecraft.block.BlockNewLog@6c2c1385 (req. id 162)
[07:37:22] [main/TRACE] [FML/]: Registry add: minecraft:acacia_stairs 163 net.minecraft.block.BlockStairs@5f354bcf (req. id 163)
[07:37:22] [main/TRACE] [FML/]: Registry add: minecraft:dark_oak_stairs 164 net.minecraft.block.BlockStairs@3daf7722 (req. id 164)
[07:37:22] [main/TRACE] [FML/]: Registry add: minecraft:hay_block 170 net.minecraft.block.BlockHay@4716be8b (req. id 170)
[07:37:22] [main/TRACE] [FML/]: Registry add: minecraft:carpet 171 net.minecraft.block.BlockCarpet@6af9fcb2 (req. id 171)
[07:37:22] [main/TRACE] [FML/]: Registry add: minecraft:hardened_clay 172 net.minecraft.block.BlockHardenedClay@ca30bc1 (req. id 172)
[07:37:22] [main/TRACE] [FML/]: Registry add: minecraft:coal_block 173 net.minecraft.block.Block@1046d517 (req. id 173)
[07:37:22] [main/TRACE] [FML/]: Registry add: minecraft:packed_ice 174 net.minecraft.block.BlockPackedIce@73cd37c0 (req. id 174)
[07:37:22] [main/TRACE] [FML/]: Registry add: minecraft:double_plant 175 net.minecraft.block.BlockDoublePlant@21337f7b (req. id 175)
[07:37:22] [main/TRACE] [FML/]: Registry add: minecraft:iron_shovel 256 net.minecraft.item.ItemSpade@c9d0d6 (req. id 256)
[07:37:22] [main/TRACE] [FML/]: Registry add: minecraft:iron_pickaxe 257 net.minecraft.item.ItemPickaxe@6ccdb29f (req. id 257)
[07:37:22] [main/TRACE] [FML/]: Registry add: minecraft:iron_axe 258 net.minecraft.item.ItemAxe@3adcc812 (req. id 258)
[07:37:22] [main/TRACE] [FML/]: Registry add: minecraft:flint_and_steel 259 net.minecraft.item.ItemFlintAndSteel@265adfad (req. id 259)
[07:37:22] [main/TRACE] [FML/]: Registry add: minecraft:apple 260 net.minecraft.item.ItemFood@3b96c42e (req. id 260)
[07:37:22] [main/TRACE] [FML/]: Registry add: minecraft:bow 261 net.minecraft.item.ItemBow@77128536 (req. id 261)
[07:37:22] [main/TRACE] [FML/]: Registry add: minecraft:arrow 262 net.minecraft.item.Item@58326051 (req. id 262)
[07:37:22] [main/TRACE] [FML/]: Registry add: minecraft:coal 263 net.minecraft.item.ItemCoal@4c1f22f3 (req. id 263)
[07:37:22] [main/TRACE] [FML/]: Registry add: minecraft:diamond 264 net.minecraft.item.Item@598bd2ba (req. id 264)
[07:37:22] [main/TRACE] [FML/]: Registry add: minecraft:iron_ingot 265 net.minecraft.item.Item@5a755cc1 (req. id 265)
[07:37:22] [main/TRACE] [FML/]: Registry add: minecraft:gold_ingot 266 net.minecraft.item.Item@7ae42ce3 (req. id 266)
[07:37:22] [main/TRACE] [FML/]: Registry add: minecraft:iron_sword 267 net.minecraft.item.ItemSword@63fbfaeb (req. id 267)
[07:37:22] [main/TRACE] [FML/]: Registry add: minecraft:wooden_sword 268 net.minecraft.item.ItemSword@602e0143 (req. id 268)
[07:37:22] [main/TRACE] [FML/]: Registry add: minecraft:wooden_shovel 269 net.minecraft.item.ItemSpade@2c07545f (req. id 269)
[07:37:22] [main/TRACE] [FML/]: Registry add: minecraft:wooden_pickaxe 270 net.minecraft.item.ItemPickaxe@e57b96d (req. id 270)
[07:37:22] [main/TRACE] [FML/]: Registry add: minecraft:wooden_axe 271 net.minecraft.item.ItemAxe@32c726ee (req. id 271)
[07:37:22] [main/TRACE] [FML/]: Registry add: minecraft:stone_sword 272 net.minecraft.item.ItemSword@22f31dec (req. id 272)
[07:37:22] [main/TRACE] [FML/]: Registry add: minecraft:stone_shovel 273 net.minecraft.item.ItemSpade@34c01041 (req. id 273)
[07:37:22] [main/TRACE] [FML/]: Registry add: minecraft:stone_pickaxe 274 net.minecraft.item.ItemPickaxe@76f4b65 (req. id 274)
[07:37:22] [main/TRACE] [FML/]: Registry add: minecraft:stone_axe 275 net.minecraft.item.ItemAxe@c94fd30 (req. id 275)
[07:37:22] [main/TRACE] [FML/]: Registry add: minecraft:diamond_sword 276 net.minecraft.item.ItemSword@36328d33 (req. id 276)
[07:37:22] [main/TRACE] [FML/]: Registry add: minecraft:diamond_shovel 277 net.minecraft.item.ItemSpade@2c4d1ac (req. id 277)
[07:37:22] [main/TRACE] [FML/]: Registry add: minecraft:diamond_pickaxe 278 net.minecraft.item.ItemPickaxe@7f0d96f2 (req. id 278)
[07:37:22] [main/TRACE] [FML/]: Registry add: minecraft:diamond_axe 279 net.minecraft.item.ItemAxe@545b995e (req. id 279)
[07:37:22] [main/TRACE] [FML/]: Registry add: minecraft:stick 280 net.minecraft.item.Item@76a2ddf3 (req. id 280)
[07:37:22] [main/TRACE] [FML/]: Registry add: minecraft:bowl 281 net.minecraft.item.Item@524f3b3a (req. id 281)
[07:37:22] [main/TRACE] [FML/]: Registry add: minecraft:mushroom_stew 282 net.minecraft.item.ItemSoup@2ef14fe (req. id 282)
[07:37:22] [main/TRACE] [FML/]: Registry add: minecraft:golden_sword 283 net.minecraft.item.ItemSword@77102b91 (req. id 283)
[07:37:22] [main/TRACE] [FML/]: Registry add: minecraft:golden_shovel 284 net.minecraft.item.ItemSpade@45312be2 (req. id 284)
[07:37:22] [main/TRACE] [FML/]: Registry add: minecraft:golden_pickaxe 285 net.minecraft.item.ItemPickaxe@7fb95505 (req. id 285)
[07:37:22] [main/TRACE] [FML/]: Registry add: minecraft:golden_axe 286 net.minecraft.item.ItemAxe@58be6e8 (req. id 286)
[07:37:22] [main/TRACE] [FML/]: Registry add: minecraft:string 287 net.minecraft.item.ItemReed@50d13246 (req. id 287)
[07:37:22] [main/TRACE] [FML/]: Registry add: minecraft:feather 288 net.minecraft.item.Item@2bd08376 (req. id 288)
[07:37:22] [main/TRACE] [FML/]: Registry add: minecraft:gunpowder 289 net.minecraft.item.Item@55493582 (req. id 289)
[07:37:22] [main/TRACE] [FML/]: Registry add: minecraft:wooden_hoe 290 net.minecraft.item.ItemHoe@52c3cb31 (req. id 290)
[07:37:22] [main/TRACE] [FML/]: Registry add: minecraft:stone_hoe 291 net.minecraft.item.ItemHoe@4b79ac84 (req. id 291)
[07:37:22] [main/TRACE] [FML/]: Registry add: minecraft:iron_hoe 292 net.minecraft.item.ItemHoe@53941c2f (req. id 292)
[07:37:22] [main/TRACE] [FML/]: Registry add: minecraft:diamond_hoe 293 net.minecraft.item.ItemHoe@6dab9b6d (req. id 293)
[07:37:22] [main/TRACE] [FML/]: Registry add: minecraft:golden_hoe 294 net.minecraft.item.ItemHoe@21fd5faa (req. id 294)
[07:37:22] [main/TRACE] [FML/]: Registry add: minecraft:wheat_seeds 295 net.minecraft.item.ItemSeeds@2e6a5539 (req. id 295)
[07:37:22] [main/TRACE] [FML/]: Registry add: minecraft:wheat 296 net.minecraft.item.Item@3fc9504b (req. id 296)
[07:37:22] [main/TRACE] [FML/]: Registry add: minecraft:bread 297 net.minecraft.item.ItemFood@6d025197 (req. id 297)
[07:37:22] [main/TRACE] [FML/]: Registry add: minecraft:leather_helmet 298 net.minecraft.item.ItemArmor@73194df (req. id 298)
[07:37:22] [main/TRACE] [FML/]: Registry add: minecraft:leather_chestplate 299 net.minecraft.item.ItemArmor@6eb2384f (req. id 299)
[07:37:22] [main/TRACE] [FML/]: Registry add: minecraft:leather_leggings 300 net.minecraft.item.ItemArmor@3c9c0d96 (req. id 300)
[07:37:22] [main/TRACE] [FML/]: Registry add: minecraft:leather_boots 301 net.minecraft.item.ItemArmor@3a4621bd (req. id 301)
[07:37:22] [main/TRACE] [FML/]: Registry add: minecraft:chainmail_helmet 302 net.minecraft.item.ItemArmor@31dadd46 (req. id 302)
[07:37:22] [main/TRACE] [FML/]: Registry add: minecraft:chainmail_chestplate 303 net.minecraft.item.ItemArmor@4ed5eb72 (req. id 303)
[07:37:22] [main/TRACE] [FML/]: Registry add: minecraft:chainmail_leggings 304 net.minecraft.item.ItemArmor@12f9af83 (req. id 304)
[07:37:22] [main/TRACE] [FML/]: Registry add: minecraft:chainmail_boots 305 net.minecraft.item.ItemArmor@19b93fa8 (req. id 305)
[07:37:22] [main/TRACE] [FML/]: Registry add: minecraft:iron_helmet 306 net.minecraft.item.ItemArmor@7e6ef134 (req. id 306)
[07:37:22] [main/TRACE] [FML/]: Registry add: minecraft:iron_chestplate 307 net.minecraft.item.ItemArmor@1f010bf0 (req. id 307)
[07:37:22] [main/TRACE] [FML/]: Registry add: minecraft:iron_leggings 308 net.minecraft.item.ItemArmor@40db2a24 (req. id 308)
[07:37:22] [main/TRACE] [FML/]: Registry add: minecraft:iron_boots 309 net.minecraft.item.ItemArmor@10cf09e8 (req. id 309)
[07:37:22] [main/TRACE] [FML/]: Registry add: minecraft:diamond_helmet 310 net.minecraft.item.ItemArmor@1921ad94 (req. id 310)
[07:37:22] [main/TRACE] [FML/]: Registry add: minecraft:diamond_chestplate 311 net.minecraft.item.ItemArmor@ee86bcb (req. id 311)
[07:37:22] [main/TRACE] [FML/]: Registry add: minecraft:diamond_leggings 312 net.minecraft.item.ItemArmor@177bea38 (req. id 312)
[07:37:22] [main/TRACE] [FML/]: Registry add: minecraft:diamond_boots 313 net.minecraft.item.ItemArmor@7f132176 (req. id 313)
[07:37:22] [main/TRACE] [FML/]: Registry add: minecraft:golden_helmet 314 net.minecraft.item.ItemArmor@6bca7e0d (req. id 314)
[07:37:22] [main/TRACE] [FML/]: Registry add: minecraft:golden_chestplate 315 net.minecraft.item.ItemArmor@2631f68c (req. id 315)
[07:37:22] [main/TRACE] [FML/]: Registry add: minecraft:golden_leggings 316 net.minecraft.item.ItemArmor@6ed3f258 (req. id 316)
[07:37:22] [main/TRACE] [FML/]: Registry add: minecraft:golden_boots 317 net.minecraft.item.ItemArmor@8ad6665 (req. id 317)
[07:37:22] [main/TRACE] [FML/]: Registry add: minecraft:flint 318 net.minecraft.item.Item@30af5b6b (req. id 318)
[07:37:22] [main/TRACE] [FML/]: Registry add: minecraft:porkchop 319 net.minecraft.item.ItemFood@19835e64 (req. id 319)
[07:37:22] [main/TRACE] [FML/]: Registry add: minecraft:cooked_porkchop 320 net.minecraft.item.ItemFood@68b32e3e (req. id 320)
[07:37:22] [main/TRACE] [FML/]: Registry add: minecraft:painting 321 net.minecraft.item.ItemHangingEntity@386f0da3 (req. id 321)
[07:37:22] [main/TRACE] [FML/]: Registry add: minecraft:golden_apple 322 net.minecraft.item.ItemAppleGold@7dda48d9 (req. id 322)
[07:37:22] [main/TRACE] [FML/]: Registry add: minecraft:sign 323 net.minecraft.item.ItemSign@1b7c473a (req. id 323)
[07:37:22] [main/TRACE] [FML/]: Registry add: minecraft:wooden_door 324 net.minecraft.item.ItemDoor@53de625d (req. id 324)
[07:37:22] [main/TRACE] [FML/]: Registry add: minecraft:bucket 325 net.minecraft.item.ItemBucket@1fde5d22 (req. id 325)
[07:37:22] [main/TRACE] [FML/]: Registry add: minecraft:water_bucket 326 net.minecraft.item.ItemBucket@5dcb4f5f (req. id 326)
[07:37:22] [main/TRACE] [FML/]: Registry add: minecraft:lava_bucket 327 net.minecraft.item.ItemBucket@71812481 (req. id 327)
[07:37:22] [main/TRACE] [FML/]: Registry add: minecraft:minecart 328 net.minecraft.item.ItemMinecart@2dcd168a (req. id 328)
[07:37:22] [main/TRACE] [FML/]: Registry add: minecraft:saddle 329 net.minecraft.item.ItemSaddle@1afdd473 (req. id 329)
[07:37:22] [main/TRACE] [FML/]: Registry add: minecraft:iron_door 330 net.minecraft.item.ItemDoor@40238dd0 (req. id 330)
[07:37:22] [main/TRACE] [FML/]: Registry add: minecraft:redstone 331 net.minecraft.item.ItemRedstone@51acdf2e (req. id 331)
